2019-04-24 18:40:15,687 INFO  [org.jboss.modules] (main) JBoss Modules version 1.6.0.Final-redhat-1
2019-04-24 18:40:16,009 INFO  [org.jboss.msc] (main) JBoss MSC version 1.2.7.SP1-redhat-1
2019-04-24 18:40:16,103 INFO  [org.jboss.as] (MSC service thread 1-8) WFLYSRV0049: JBoss EAP 7.1.0.GA (WildFly Core 3.0.10.Final-redhat-1) starting
2019-04-24 18:40:16,104 DEBUG [org.jboss.as.config] (MSC service thread 1-8) Configured system properties:
	awt.toolkit = sun.awt.windows.WToolkit
	file.encoding = Cp1252
	file.encoding.pkg = sun.io
	file.separator = \
	java.awt.graphicsenv = sun.awt.Win32GraphicsEnvironment
	java.awt.headless = true
	java.awt.printerjob = sun.awt.windows.WPrinterJob
	java.class.path = C:\Users\masimbam\Desktop\FinaleSimSwap\jboss-eap-7.1\jboss-modules.jar
	java.class.version = 52.0
	java.endorsed.dirs = C:\Program Files\Java\jdk1.8.0_171\jre\lib\endorsed
	java.ext.dirs = C:\Program Files\Java\jdk1.8.0_171\jre\lib\ext;C:\WINDOWS\Sun\Java\lib\ext
	java.home = C:\Program Files\Java\jdk1.8.0_171\jre
	java.io.tmpdir = C:\Users\masimbam\AppData\Local\Temp\
	java.library.path = C:\Program Files\Java\jdk1.8.0_171\bin;C:\WINDOWS\Sun\Java\bin;C:\WINDOWS\system32;C:\WINDOWS;native;C:/Program Files/Java/jre1.8.0_171/bin/server;C:/Program Files/Java/jre1.8.0_171/bin;C:/Program Files/Java/jre1.8.0_171/lib/amd64;C:\Program Files (x86)\Common Files\Oracle\Java\javapath;C:\WINDOWS\system32;C:\WINDOWS;C:\WINDOWS\System32\Wbem;C:\WINDOWS\System32\WindowsPowerShell\v1.0\;C:\Program Files\Java\jdk1.8.0_171\bin;C:\Users\masimbam\Desktop\command\apache-maven-3.5.4\bin;C:\Program Files\PuTTY\;C:\Program Files\DataStax-DDC\apache-cassandra\bin;C:\Program Files\DataStax Community\apache-cassandra\bin;C:\Program Files (x86)\Calibre2\;C:\Program Files\Intel\WiFi\bin\;C:\Program Files\Common Files\Intel\WirelessCommon\;C:\Program Files\nodejs\;C:\Program Files (x86)\Microsoft SQL Server\Client SDK\ODBC\130\Tools\Binn\;C:\Program Files (x86)\Microsoft SQL Server\140\Tools\Binn\;C:\Program Files (x86)\Microsoft SQL Server\140\DTS\Binn\;C:\Program Files (x86)\Microsoft SQL Server\140\Tools\Binn\ManagementStudio\;C:\Program Files\Microsoft SQL Server\Client SDK\ODBC\130\Tools\Binn\;C:\Program Files\Microsoft SQL Server\140\Tools\Binn\;C:\Program Files\Microsoft SQL Server\140\DTS\Binn\;C:\Program Files (x86)\Google\Chrome\Application;C:\Program Files (x86)\Common Files\Oracle\Java\javapath;C:\WINDOWS\system32;C:\WINDOWS;C:\WINDOWS\System32\Wbem;C:\WINDOWS\System32\WindowsPowerShell\v1.0\;C:\Program Files\Java\jdk1.8.0_171\bin;C:\Users\masimbam\Desktop\command\apache-maven-3.5.4\bin;C:\Users\masimbam\AppData\Local\atom\bin;C:\Users\masimbam\AppData\Roaming\npm;C:\Users\masimbam\AppData\Local\Programs\Microsoft VS Code\bin;C:\Users\masimbam\Desktop\zim\eclipse;;.
	java.net.preferIPv4Stack = true
	java.runtime.name = Java(TM) SE Runtime Environment
	java.runtime.version = 1.8.0_171-b11
	java.specification.name = Java Platform API Specification
	java.specification.vendor = Oracle Corporation
	java.specification.version = 1.8
	java.util.logging.manager = org.jboss.logmanager.LogManager
	java.vendor = Oracle Corporation
	java.vendor.url = http://java.oracle.com/
	java.vendor.url.bug = http://bugreport.sun.com/bugreport/
	java.version = 1.8.0_171
	java.vm.info = mixed mode
	java.vm.name = Java HotSpot(TM) 64-Bit Server VM
	java.vm.specification.name = Java Virtual Machine Specification
	java.vm.specification.vendor = Oracle Corporation
	java.vm.specification.version = 1.8
	java.vm.vendor = Oracle Corporation
	java.vm.version = 25.171-b11
	javax.management.builder.initial = org.jboss.as.jmx.PluggableMBeanServerBuilder
	javax.xml.datatype.DatatypeFactory = __redirected.__DatatypeFactory
	javax.xml.parsers.DocumentBuilderFactory = __redirected.__DocumentBuilderFactory
	javax.xml.parsers.SAXParserFactory = __redirected.__SAXParserFactory
	javax.xml.stream.XMLEventFactory = __redirected.__XMLEventFactory
	javax.xml.stream.XMLInputFactory = __redirected.__XMLInputFactory
	javax.xml.stream.XMLOutputFactory = __redirected.__XMLOutputFactory
	javax.xml.transform.TransformerFactory = __redirected.__TransformerFactory
	javax.xml.validation.SchemaFactory:http://www.w3.org/2001/XMLSchema = __redirected.__SchemaFactory
	javax.xml.xpath.XPathFactory:http://java.sun.com/jaxp/xpath/dom = __redirected.__XPathFactory
	jboss.bind.address = localhost
	jboss.bind.address.management = localhost
	jboss.home.dir = C:\Users\masimbam\Desktop\FinaleSimSwap\jboss-eap-7.1
	jboss.host.name = isapps2-lp
	jboss.modules.dir = C:\Users\masimbam\Desktop\FinaleSimSwap\jboss-eap-7.1\modules
	jboss.modules.system.pkgs = org.jboss.byteman
	jboss.node.name = isapps2-lp
	jboss.qualified.host.name = isapps2-lp
	jboss.server.base.dir = C:\Users\masimbam\Desktop\FinaleSimSwap\jboss-eap-7.1\standalone
	jboss.server.config.dir = C:\Users\masimbam\Desktop\FinaleSimSwap\jboss-eap-7.1\standalone\configuration
	jboss.server.data.dir = C:\Users\masimbam\Desktop\FinaleSimSwap\jboss-eap-7.1\standalone\data
	jboss.server.deploy.dir = C:\Users\masimbam\Desktop\FinaleSimSwap\jboss-eap-7.1\standalone\data\content
	jboss.server.log.dir = C:\Users\masimbam\Desktop\FinaleSimSwap\jboss-eap-7.1\standalone\log
	jboss.server.name = isapps2-lp
	jboss.server.persist.config = true
	jboss.server.temp.dir = C:\Users\masimbam\Desktop\FinaleSimSwap\jboss-eap-7.1\standalone\tmp
	line.separator = 

	logging.configuration = file:C:\Users\masimbam\Desktop\FinaleSimSwap\jboss-eap-7.1\standalone\configuration\logging.properties
	module.path = C:\Users\masimbam\Desktop\FinaleSimSwap\jboss-eap-7.1\modules
	org.jboss.boot.log.file = C:\Users\masimbam\Desktop\FinaleSimSwap\jboss-eap-7.1\standalone\log\boot.log
	org.jboss.logmanager.nocolor = true
	org.jboss.resolver.warning = true
	org.xml.sax.driver = __redirected.__XMLReaderFactory
	os.arch = amd64
	os.name = Windows 10
	os.version = 10.0
	path.separator = ;
	program.name = JBossTools: Red Hat JBoss Enterprise Application Platform 7.1 at localhost
	sun.arch.data.model = 64
	sun.boot.class.path = C:\Program Files\Java\jdk1.8.0_171\jre\lib\resources.jar;C:\Program Files\Java\jdk1.8.0_171\jre\lib\rt.jar;C:\Program Files\Java\jdk1.8.0_171\jre\lib\sunrsasign.jar;C:\Program Files\Java\jdk1.8.0_171\jre\lib\jsse.jar;C:\Program Files\Java\jdk1.8.0_171\jre\lib\jce.jar;C:\Program Files\Java\jdk1.8.0_171\jre\lib\charsets.jar;C:\Program Files\Java\jdk1.8.0_171\jre\lib\jfr.jar;C:\Program Files\Java\jdk1.8.0_171\jre\classes
	sun.boot.library.path = C:\Program Files\Java\jdk1.8.0_171\jre\bin
	sun.cpu.endian = little
	sun.cpu.isalist = amd64
	sun.desktop = windows
	sun.io.unicode.encoding = UnicodeLittle
	sun.java.command = org.jboss.modules.Main -mp C:\Users\masimbam\Desktop\FinaleSimSwap\jboss-eap-7.1\modules org.jboss.as.standalone -b localhost --server-config=standalone.xml -Djboss.server.base.dir=C:\Users\masimbam\Desktop\FinaleSimSwap\jboss-eap-7.1\standalone
	sun.java.launcher = SUN_STANDARD
	sun.jnu.encoding = Cp1252
	sun.management.compiler = HotSpot 64-Bit Tiered Compilers
	sun.os.patch.level = 
	sun.rmi.dgc.client.gcInterval = 3600000
	sun.rmi.dgc.server.gcInterval = 3600000
	user.country = US
	user.dir = C:\Users\masimbam\Desktop\FinaleSimSwap\jboss-eap-7.1\bin
	user.home = C:\Users\masimbam
	user.language = en
	user.name = masimbam
	user.script = 
	user.timezone = Africa/Harare
	user.variant = 
2019-04-24 18:40:16,128 DEBUG [org.jboss.as.config] (MSC service thread 1-8) VM Arguments: -Dprogram.name=JBossTools: Red Hat JBoss Enterprise Application Platform 7.1 at localhost -Xms1303m -Xmx1303m -XX:MetaspaceSize=96M -XX:MaxMetaspaceSize=256m -Dorg.jboss.resolver.warning=true -Djava.net.preferIPv4Stack=true -Dsun.rmi.dgc.client.gcInterval=3600000 -Dsun.rmi.dgc.server.gcInterval=3600000 -Djboss.modules.system.pkgs=org.jboss.byteman -Djava.awt.headless=true -Dorg.jboss.boot.log.file=C:\Users\masimbam\Desktop\FinaleSimSwap\jboss-eap-7.1\standalone\log\boot.log -Dlogging.configuration=file:C:\Users\masimbam\Desktop\FinaleSimSwap\jboss-eap-7.1\standalone\configuration\logging.properties -Djboss.home.dir=C:\Users\masimbam\Desktop\FinaleSimSwap\jboss-eap-7.1 -Dorg.jboss.logmanager.nocolor=true -Djboss.bind.address.management=localhost -Dfile.encoding=Cp1252 
2019-04-24 18:40:17,095 INFO  [org.jboss.as.controller.management-deprecated] (Controller Boot Thread) WFLYCTL0028: Attribute 'security-realm' in the resource at address '/core-service=management/management-interface=http-interface' is deprecated, and may be removed in future version. See the attribute description in the output of the read-resource-description operation to learn more about the deprecation.
2019-04-24 18:40:17,111 INFO  [org.jboss.as.controller.management-deprecated] (ServerService Thread Pool -- 11) WFLYCTL0028: Attribute 'security-realm' in the resource at address '/subsystem=undertow/server=default-server/https-listener=https' is deprecated, and may be removed in future version. See the attribute description in the output of the read-resource-description operation to learn more about the deprecation.
2019-04-24 18:40:17,113 INFO  [org.wildfly.security] (ServerService Thread Pool -- 26) ELY00001: WildFly Elytron version 1.1.7.Final-redhat-1
2019-04-24 18:40:17,170 INFO  [org.jboss.as.server] (Controller Boot Thread) WFLYSRV0039: Creating http management service using socket-binding (management-http)
2019-04-24 18:40:17,182 INFO  [org.xnio] (MSC service thread 1-6) XNIO version 3.5.4.Final-redhat-1
2019-04-24 18:40:17,189 INFO  [org.xnio.nio] (MSC service thread 1-6) XNIO NIO Implementation Version 3.5.4.Final-redhat-1
